2024-05-13 17:14:10:1410 [32minfo[39m: [32mExpress server listening on port 3000[39m
2024-05-13 17:14:41:1441 [32minfo[39m: [32mExpress server listening on port 3000[39m
2024-05-13 17:16:03:163 [32minfo[39m: [32mExpress server listening on port 3000[39m
2024-05-13 17:16:20:1620 [32minfo[39m: [32mExpress server listening on port 3000[39m
2024-05-13 17:16:33:1633 [32minfo[39m: [32mExpress server listening on port 3000[39m
2024-05-13 17:17:00:170 [32minfo[39m: [32mExpress server listening on port 3000[39m
2024-05-13 17:17:39:1739 [32minfo[39m: [32mExpress server listening on port 3000[39m
2024-05-13 17:18:07:187 [32minfo[39m: [32mExpress server listening on port 3000[39m
2024-05-13 17:18:43:1843 [32minfo[39m: [32mExpress server listening on port 3000[39m
2024-05-13 17:19:17:1917 [32minfo[39m: [32mExpress server listening on port 3000[39m
2024-05-13 17:19:33:1933 [32minfo[39m: [32mExpress server listening on port 3000[39m
2024-05-13 17:21:09:219 [31merror[39m: [31mBookReview validation failed: modified: Path `modified` is required., book_id: Path `book_id` is required.[39m
2024-05-13 17:37:47:3747 [32minfo[39m: [32mExpress server listening on port 3000[39m
2024-05-13 17:38:03:383 [32minfo[39m: [32mExpress server listening on port 3000[39m
2024-05-13 17:39:23:3923 [32minfo[39m: [32mExpress server listening on port 3000[39m
2024-05-13 17:39:58:3958 [32minfo[39m: [32mExpress server listening on port 3000[39m
2024-05-13 19:52:13:5213 [32minfo[39m: [32mExpress server listening on port 3000[39m
2024-05-13 19:59:47:5947 [31merror[39m: [31mCast to ObjectId failed for value "SchemaObjectId {[39m
[31m  path: '664223ad35b8b90c16023d74',[39m
[31m  instance: 'ObjectId',[39m
[31m  validators: [],[39m
[31m  getters: [],[39m
[31m  setters: [],[39m
[31m  _presplitPath: [ '664223ad35b8b90c16023d74' ],[39m
[31m  options: SchemaObjectIdOptions {},[39m
[31m  _index: null,[39m
[31m  [Symbol(mongoose#schemaType)]: true[39m
[31m}" (type SchemaObjectId) at path "_id" for model "Book"[39m
2024-05-13 20:00:55:055 [32minfo[39m: [32mExpress server listening on port 3000[39m
2024-05-13 20:01:01:11 [31merror[39m: [31mTransaction numbers are only allowed on a replica set member or mongos[39m
2024-05-13 20:02:03:23 [32minfo[39m: [32mExpress server listening on port 3000[39m
2024-05-13 20:05:06:56 [31merror[39m: [31mBookReview validation failed: book_id: Path `book_id` is required., rating: `FIVe` is not a valid enum value for path `rating`.[39m
2024-05-13 20:05:45:545 [31merror[39m: [31mBookReview validation failed: book_id: Path `book_id` is required., rating: `FIVe` is not a valid enum value for path `rating`.[39m
2024-05-13 20:08:40:840 [32minfo[39m: [32mExpress server listening on port 3000[39m
2024-05-13 20:08:45:845 [31merror[39m: [31mBookReview validation failed: rating: `FIVe` is not a valid enum value for path `rating`.[39m
2024-05-13 20:11:06:116 [32minfo[39m: [32mExpress server listening on port 3000[39m
2024-05-13 20:18:13:1813 [32minfo[39m: [32mExpress server listening on port 3000[39m
2024-05-13 20:23:36:2336 [32minfo[39m: [32mExpress server listening on port 3000[39m
2024-05-13 20:23:50:2350 [32minfo[39m: [32mExpress server listening on port 3000[39m
2024-05-13 20:23:59:2359 [32minfo[39m: [32mExpress server listening on port 3000[39m
2024-05-13 20:24:16:2416 [32minfo[39m: [32mExpress server listening on port 3000[39m
2024-05-13 20:24:30:2430 [32minfo[39m: [32mExpress server listening on port 3000[39m
2024-05-13 20:28:52:2852 [32minfo[39m: [32mExpress server listening on port 3000[39m
2024-05-13 20:30:22:3022 [32minfo[39m: [32mExpress server listening on port 3000[39m
2024-05-13 20:30:44:3044 [32minfo[39m: [32mExpress server listening on port 3000[39m
2024-05-13 20:30:52:3052 [32minfo[39m: [32mExpress server listening on port 3000[39m
2024-05-13 21:16:18:1618 [32minfo[39m: [32mExpress server listening on port 3000[39m
2024-05-13 21:19:08:198 [31merror[39m: [31mBookReview validation failed: book_id: Path `book_id` is required.[39m
2024-05-13 21:20:40:2040 [32minfo[39m: [32mExpress server listening on port 3000[39m
2024-05-13 21:21:02:212 [32minfo[39m: [32mExpress server listening on port 3000[39m
2024-05-13 21:30:26:3026 [31merror[39m: [31mCast to ObjectId failed for value "{ _id: 'mm' }" (type Object) at path "_id" for model "BookReview"[39m
2024-05-13 21:34:29:3429 [32minfo[39m: [32mExpress server listening on port 3000[39m
2024-05-13 21:34:35:3435 [32minfo[39m: [32mExpress server listening on port 3000[39m
2024-05-13 21:34:51:3451 [32minfo[39m: [32mExpress server listening on port 3000[39m
2024-05-13 21:35:36:3536 [32minfo[39m: [32mExpress server listening on port 3000[39m
2024-05-13 21:36:11:3611 [32minfo[39m: [32mExpress server listening on port 3000[39m
2024-05-13 21:36:15:3615 [31merror[39m: [31mCast to ObjectId failed for value "{ _id: 'mm' }" (type Object) at path "_id" for model "BookReview"[39m
2024-05-13 21:36:15:3615 [31merror[39m: [31mCast to ObjectId failed for value "{ _id: 'mm' }" (type Object) at path "_id" for model "BookReview"[39m
2024-05-13 21:37:40:3740 [31merror[39m: [31mCast to ObjectId failed for value "{ _id: '664229f23fdf11647eacc938a' }" (type Object) at path "_id" for model "BookReview"[39m
2024-05-13 21:37:40:3740 [31merror[39m: [31mCast to ObjectId failed for value "{ _id: '664229f23fdf11647eacc938a' }" (type Object) at path "_id" for model "BookReview"[39m
2024-05-13 21:37:48:3748 [31merror[39m: [31mCast to ObjectId failed for value "{ _id: '664229f23fdf11647eacc93' }" (type Object) at path "_id" for model "BookReview"[39m
2024-05-13 21:37:48:3748 [31merror[39m: [31mCast to ObjectId failed for value "{ _id: '664229f23fdf11647eacc93' }" (type Object) at path "_id" for model "BookReview"[39m
2024-05-13 21:41:15:4115 [32minfo[39m: [32mExpress server listening on port 3000[39m
2024-05-13 21:41:49:4149 [31merror[39m: [31mBookReview validation failed: review_text: Path `review_text` is required.[39m
2024-05-13 21:41:49:4149 [31merror[39m: [31mBookReview validation failed: review_text: Path `review_text` is required.[39m
2024-05-13 21:46:27:4627 [32minfo[39m: [32mExpress server listening on port 3000[39m
2024-05-13 21:46:43:4643 [32minfo[39m: [32mExpress server listening on port 3000[39m
2024-05-13 21:46:50:4650 [32minfo[39m: [32mExpress server listening on port 3000[39m
2024-05-13 21:47:09:479 [32minfo[39m: [32mExpress server listening on port 3000[39m
2024-05-13 21:47:26:4726 [32minfo[39m: [32mExpress server listening on port 3000[39m
2024-05-13 21:47:42:4742 [32minfo[39m: [32mExpress server listening on port 3000[39m
2024-05-13 21:47:50:4750 [32minfo[39m: [32mExpress server listening on port 3000[39m
2024-05-13 21:48:01:481 [32minfo[39m: [32mExpress server listening on port 3000[39m
2024-05-13 21:49:05:495 [32minfo[39m: [32mExpress server listening on port 3000[39m
2024-05-13 21:49:52:4952 [32minfo[39m: [32mExpress server listening on port 3000[39m
2024-05-13 21:50:02:502 [32minfo[39m: [32mExpress server listening on port 3000[39m
2024-05-13 21:50:12:5012 [32minfo[39m: [32mExpress server listening on port 3000[39m
2024-05-13 21:50:20:5020 [32minfo[39m: [32mExpress server listening on port 3000[39m
2024-05-13 21:50:48:5048 [32minfo[39m: [32mExpress server listening on port 3000[39m
2024-05-13 21:51:05:515 [32minfo[39m: [32mExpress server listening on port 3000[39m
2024-05-13 21:52:32:5232 [32minfo[39m: [32mExpress server listening on port 3000[39m
2024-05-13 21:52:38:5238 [32minfo[39m: [32mExpress server listening on port 3000[39m
2024-05-13 21:52:55:5255 [32minfo[39m: [32mExpress server listening on port 3000[39m
2024-05-13 21:53:07:537 [32minfo[39m: [32mExpress server listening on port 3000[39m
2024-05-13 21:53:27:5327 [32minfo[39m: [32mExpress server listening on port 3000[39m
2024-05-13 21:53:43:5343 [32minfo[39m: [32mExpress server listening on port 3000[39m
2024-05-13 21:53:57:5357 [32minfo[39m: [32mExpress server listening on port 3000[39m
2024-05-13 21:54:17:5417 [32minfo[39m: [32mExpress server listening on port 3000[39m
2024-05-13 21:54:41:5441 [32minfo[39m: [32mExpress server listening on port 3000[39m
2024-05-13 21:54:47:5447 [32minfo[39m: [32mExpress server listening on port 3000[39m
2024-05-13 21:54:59:5459 [32minfo[39m: [32mExpress server listening on port 3000[39m
2024-05-13 21:55:43:5543 [32minfo[39m: [32mExpress server listening on port 3000[39m
2024-05-13 21:56:04:564 [32minfo[39m: [32mExpress server listening on port 3000[39m
2024-05-13 21:59:23:5923 [32minfo[39m: [32mExpress server listening on port 3000[39m
2024-05-13 21:59:25:5925 [31merror[39m: [31mCast to ObjectId failed for value "{ _id: '664229f23fdf11647eacc93' }" (type Object) at path "_id" for model "BookReview"[39m
2024-05-13 21:59:25:5925 [31merror[39m: [31mCast to ObjectId failed for value "{ _id: '664229f23fdf11647eacc93' }" (type Object) at path "_id" for model "BookReview"[39m
2024-05-13 21:59:45:5945 [32minfo[39m: [32mExpress server listening on port 3000[39m
2024-05-13 22:00:01:01 [32minfo[39m: [32mExpress server listening on port 3000[39m
2024-05-13 22:00:03:03 [31merror[39m: [31mvalue must be of type object[39m
2024-05-14 11:01:29:129 [32minfo[39m: [32mExpress server listening on port 3000[39m
2024-05-14 11:01:38:138 [32minfo[39m: [32mExpress server listening on port 3000[39m
2024-05-14 11:02:54:254 [32minfo[39m: [32mExpress server listening on port 3000[39m
2024-05-14 11:02:57:257 [31merror[39m: [31mvalue must be of type object[39m
2024-05-14 11:02:59:259 [31merror[39m: [31mvalue must be of type object[39m
2024-05-14 11:08:11:811 [32minfo[39m: [32mExpress server listening on port 3000[39m
2024-05-14 11:12:00:120 [32minfo[39m: [32mExpress server listening on port 3000[39m
2024-05-14 11:12:16:1216 [32minfo[39m: [32mExpress server listening on port 3000[39m
2024-05-14 11:12:17:1217 [31merror[39m: [31mvalue must be of type object[39m
2024-05-14 11:13:40:1340 [32minfo[39m: [32mExpress server listening on port 3000[39m
2024-05-14 11:15:27:1527 [31merror[39m: [31mvalue must be of type object[39m
2024-05-14 11:15:33:1533 [31merror[39m: [31mvalue must be of type object[39m
2024-05-14 11:15:36:1536 [31merror[39m: [31mvalue must be of type object[39m
2024-05-14 11:15:56:1556 [31merror[39m: [31mvalue must be of type object[39m
2024-05-14 11:15:58:1558 [31merror[39m: [31mvalue must be of type object[39m
2024-05-14 11:21:28:2128 [32minfo[39m: [32mExpress server listening on port 3000[39m
2024-05-14 11:21:31:2131 [31merror[39m: [31mvalue must be of type object[39m
2024-05-14 11:21:33:2133 [31merror[39m: [31mvalue must be of type object[39m
2024-05-14 11:22:21:2221 [32minfo[39m: [32mExpress server listening on port 3000[39m
2024-05-14 11:22:29:2229 [32minfo[39m: [32mExpress server listening on port 3000[39m
2024-05-14 11:22:47:2247 [32minfo[39m: [32mExpress server listening on port 3000[39m
2024-05-14 11:23:16:2316 [32minfo[39m: [32mExpress server listening on port 3000[39m
2024-05-14 11:23:21:2321 [31merror[39m: [31mvalue must be of type object[39m
2024-05-14 11:24:15:2415 [31merror[39m: [31mvalue must be of type object[39m
2024-05-14 11:24:43:2443 [32minfo[39m: [32mExpress server listening on port 3000[39m
2024-05-14 11:24:55:2455 [31merror[39m: [31mvalue must be of type object[39m
2024-05-14 11:24:56:2456 [31merror[39m: [31mvalue must be of type object[39m
2024-05-14 11:25:33:2533 [32minfo[39m: [32mExpress server listening on port 3000[39m
2024-05-14 11:26:59:2659 [32minfo[39m: [32mExpress server listening on port 3000[39m
2024-05-14 11:27:02:272 [31merror[39m: [31mvalue must be of type object[39m
2024-05-14 11:27:31:2731 [32minfo[39m: [32mExpress server listening on port 3000[39m
2024-05-14 11:28:15:2815 [31merror[39m: [31mvalue must be of type object[39m
2024-05-14 11:28:43:2843 [31merror[39m: [31mvalue must be of type object[39m
2024-05-14 11:29:45:2945 [31merror[39m: [31mvalue must be of type object[39m
2024-05-14 11:31:28:3128 [32minfo[39m: [32mExpress server listening on port 3000[39m
2024-05-14 11:34:05:345 [32minfo[39m: [32mExpress server listening on port 3000[39m
2024-05-14 11:34:18:3418 [32minfo[39m: [32mExpress server listening on port 3000[39m
2024-05-14 11:34:21:3421 [31merror[39m: [31mvalue must be of type object[39m
2024-05-14 11:35:45:3545 [32minfo[39m: [32mExpress server listening on port 3000[39m
2024-05-14 11:36:28:3628 [32minfo[39m: [32mExpress server listening on port 3000[39m
2024-05-14 11:36:45:3645 [32minfo[39m: [32mExpress server listening on port 3000[39m
2024-05-14 11:37:38:3738 [32minfo[39m: [32mExpress server listening on port 3000[39m
2024-05-14 11:37:57:3757 [32minfo[39m: [32mExpress server listening on port 3000[39m
2024-05-14 11:39:37:3937 [31merror[39m: [31mvalue must be of type object[39m
2024-05-14 11:47:37:4737 [32minfo[39m: [32mExpress server listening on port 3000[39m
2024-05-14 11:47:58:4758 [32minfo[39m: [32mExpress server listening on port 3000[39m
2024-05-14 11:48:02:482 [31merror[39m: [31mCast to ObjectId failed for value "{ _id: '664229f23fdf11647eacc938a' }" (type Object) at path "_id" for model "BookReview"[39m
2024-05-14 11:48:02:482 [31merror[39m: [31mCast to ObjectId failed for value "{ _id: '664229f23fdf11647eacc938a' }" (type Object) at path "_id" for model "BookReview"[39m
2024-05-14 11:48:29:4829 [32minfo[39m: [32mExpress server listening on port 3000[39m
2024-05-14 11:50:14:5014 [32minfo[39m: [32mExpress server listening on port 3000[39m
2024-05-14 11:51:02:512 [32minfo[39m: [32mExpress server listening on port 3000[39m
2024-05-14 11:51:26:5126 [32minfo[39m: [32mExpress server listening on port 3000[39m
2024-05-14 11:52:46:5246 [31merror[39m: [31mvalue must be of type object[39m
2024-05-14 11:55:27:5527 [32minfo[39m: [32mExpress server listening on port 3000[39m
2024-05-14 11:55:39:5539 [31merror[39m: [31mid length must be 24 characters long[39m
2024-05-14 11:55:44:5544 [31merror[39m: [31mid length must be 24 characters long[39m
2024-05-14 11:55:57:5557 [31merror[39m: [31mid must only contain hexadecimal characters[39m
2024-05-14 11:57:05:575 [32minfo[39m: [32mExpress server listening on port 3000[39m
2024-05-14 11:57:17:5717 [32minfo[39m: [32mExpress server listening on port 3000[39m
2024-05-14 11:57:28:5728 [32minfo[39m: [32mExpress server listening on port 3000[39m
2024-05-14 11:57:37:5737 [31merror[39m: [31mid length must be 24 characters long[39m
2024-05-14 11:57:42:5742 [31merror[39m: [31mid length must be 24 characters long[39m
2024-05-14 11:58:45:5845 [32minfo[39m: [32mExpress server listening on port 3000[39m
2024-05-14 11:59:14:5914 [32minfo[39m: [32mExpress server listening on port 3000[39m
2024-05-14 11:59:21:5921 [32minfo[39m: [32mExpress server listening on port 3000[39m
2024-05-14 11:59:24:5924 [31merror[39m: [31mNo review found[39m
2024-05-14 11:59:24:5924 [31merror[39m: [31mNo review found[39m
2024-05-14 12:12:38:1238 [32minfo[39m: [32mExpress server listening on port 3000[39m
2024-05-14 12:12:45:1245 [32minfo[39m: [32mExpress server listening on port 3000[39m
2024-05-14 12:13:29:1329 [32minfo[39m: [32mExpress server listening on port 3000[39m
2024-05-14 12:29:44:2944 [32minfo[39m: [32mExpress server listening on port 3000[39m
2024-05-14 12:29:50:2950 [31merror[39m: [31mrating must be one of [ONE, TWO, THREE, FOUR, FIVE]. rating must be a string[39m
2024-05-14 12:30:06:306 [31merror[39m: [31mreview_text must be a string[39m
2024-05-14 12:30:18:3018 [31merror[39m: [31mbook_id must be a string[39m
2024-05-14 12:30:30:3030 [31merror[39m: [31mbook_id length must be 24 characters long[39m
2024-05-14 12:30:39:3039 [31merror[39m: [31mbook_id length must be 24 characters long[39m
2024-05-14 12:31:42:3142 [32minfo[39m: [32mExpress server listening on port 3000[39m
2024-05-14 12:32:02:322 [32minfo[39m: [32mExpress server listening on port 3000[39m
2024-05-14 12:32:31:3231 [32minfo[39m: [32mExpress server listening on port 3000[39m
2024-05-14 12:32:48:3248 [32minfo[39m: [32mExpress server listening on port 3000[39m
2024-05-14 12:32:59:3259 [32minfo[39m: [32mExpress server listening on port 3000[39m
2024-05-14 12:33:20:3320 [31merror[39m: [31mBook with given book id not found![39m
2024-05-14 12:33:20:3320 [31merror[39m: [31mBook with given book id not found![39m
2024-05-14 12:33:29:3329 [31merror[39m: [31mbook_id is required[39m
2024-05-14 12:33:54:3354 [32minfo[39m: [32mExpress server listening on port 3000[39m
2024-05-14 12:34:29:3429 [32minfo[39m: [32mExpress server listening on port 3000[39m
2024-05-14 12:46:39:4639 [32minfo[39m: [32mExpress server listening on port 3000[39m
2024-05-14 12:46:56:4656 [32minfo[39m: [32mExpress server listening on port 3000[39m
2024-05-14 12:47:06:476 [32minfo[39m: [32mExpress server listening on port 3000[39m
2024-05-14 12:47:23:4723 [32minfo[39m: [32mExpress server listening on port 3000[39m
2024-05-14 12:47:28:4728 [32minfo[39m: [32mExpress server listening on port 3000[39m
2024-05-14 12:47:59:4759 [32minfo[39m: [32mExpress server listening on port 3000[39m
2024-05-14 12:50:05:505 [32minfo[39m: [32mExpress server listening on port 3000[39m
2024-05-14 12:50:22:5022 [32minfo[39m: [32mExpress server listening on port 3000[39m
2024-05-14 12:50:32:5032 [32minfo[39m: [32mExpress server listening on port 3000[39m
2024-05-14 12:52:32:5232 [32minfo[39m: [32mExpress server listening on port 3000[39m
2024-05-14 12:52:39:5239 [31merror[39m: [31mReview with given id not found![39m
2024-05-14 12:52:39:5239 [31merror[39m: [31mReview with given id not found![39m
2024-05-14 12:52:57:5257 [32minfo[39m: [32mExpress server listening on port 3000[39m
2024-05-14 12:53:09:539 [32minfo[39m: [32mExpress server listening on port 3000[39m
2024-05-14 12:53:27:5327 [32minfo[39m: [32mExpress server listening on port 3000[39m
2024-05-14 12:53:45:5345 [31merror[39m: [31mReview with given id not found![39m
2024-05-14 12:53:45:5345 [31merror[39m: [31mReview with given id not found![39m
2024-05-14 12:53:49:5349 [31merror[39m: [31mid length must be 24 characters long[39m
2024-05-14 12:53:51:5351 [31merror[39m: [31mid length must be 24 characters long[39m
2024-05-14 12:56:32:5632 [32minfo[39m: [32mExpress server listening on port 3000[39m
2024-05-14 12:57:04:574 [32minfo[39m: [32mExpress server listening on port 3000[39m
2024-05-14 12:57:10:5710 [32minfo[39m: [32mExpress server listening on port 3000[39m
2024-05-14 12:57:25:5725 [32minfo[39m: [32mExpress server listening on port 3000[39m
2024-05-14 12:57:34:5734 [32minfo[39m: [32mExpress server listening on port 3000[39m
2024-05-14 12:58:01:581 [32minfo[39m: [32mExpress server listening on port 3000[39m
2024-05-14 12:58:18:5818 [32minfo[39m: [32mExpress server listening on port 3000[39m
2024-05-14 12:58:33:5833 [32minfo[39m: [32mExpress server listening on port 3000[39m
2024-05-14 12:58:56:5856 [32minfo[39m: [32mExpress server listening on port 3000[39m
2024-05-14 12:59:52:5952 [32minfo[39m: [32mExpress server listening on port 3000[39m
2024-05-14 13:00:21:021 [32minfo[39m: [32mExpress server listening on port 3000[39m
2024-05-14 13:01:22:122 [32minfo[39m: [32mExpress server listening on port 3000[39m
2024-05-14 13:01:45:145 [32minfo[39m: [32mExpress server listening on port 3000[39m
2024-05-14 13:01:59:159 [32minfo[39m: [32mExpress server listening on port 3000[39m
2024-05-14 13:04:02:42 [32minfo[39m: [32mExpress server listening on port 3000[39m
2024-05-14 13:04:37:437 [32minfo[39m: [32mExpress server listening on port 3000[39m
2024-05-14 13:05:36:536 [32minfo[39m: [32mExpress server listening on port 3000[39m
2024-05-14 13:05:50:550 [32minfo[39m: [32mExpress server listening on port 3000[39m
2024-05-14 13:15:09:159 [31merror[39m: [31mid length must be 24 characters long[39m
2024-05-14 13:15:12:1512 [31merror[39m: [31mid length must be 24 characters long[39m
2024-05-14 13:15:16:1516 [31merror[39m: [31mBook with given id not found![39m
2024-05-14 13:15:16:1516 [31merror[39m: [31mBook with given id not found![39m
2024-05-14 16:24:21:2421 [32minfo[39m: [32mExpress server listening on port 3000[39m
2024-05-14 16:34:05:345 [31merror[39m: [31mBook with given book id not found![39m
2024-05-14 16:34:05:345 [31merror[39m: [31mBook with given book id not found![39m
2024-05-14 23:13:52:1352 [32minfo[39m: [32mExpress server listening on port 3000[39m
2024-05-14 23:14:42:1442 [32minfo[39m: [32mExpress server listening on port 3000[39m
2024-05-14 23:15:53:1553 [32minfo[39m: [32mExpress server listening on port 3000[39m
2024-05-14 23:36:29:3629 [31merror[39m: [31mbook_id must only contain hexadecimal characters. book_id length must be 24 characters long[39m
2024-05-15 00:16:36:1636 [32minfo[39m: [32mExpress server listening on port 3000[39m
2024-05-15 00:16:43:1643 [32minfo[39m: [32mExpress server listening on port 3000[39m
2024-05-15 00:21:15:2115 [32minfo[39m: [32mExpress server listening on port 3000[39m
2024-05-15 00:33:15:3315 [32minfo[39m: [32mExpress server listening on port 3000[39m
2024-05-15 00:33:32:3332 [32minfo[39m: [32mExpress server listening on port 3000[39m
2024-05-15 00:33:40:3340 [32minfo[39m: [32mExpress server listening on port 3000[39m
2024-05-15 00:34:00:340 [32minfo[39m: [32mExpress server listening on port 3000[39m
2024-05-15 00:35:56:3556 [32minfo[39m: [32mExpress server listening on port 3000[39m
2024-05-15 12:05:58:558 [32minfo[39m: [32mExpress server listening on port 3000[39m
2024-05-16 01:21:49:2149 [31merror[39m: [31mNo review found[39m
2024-05-16 01:21:50:2150 [31merror[39m: [31mNo review found[39m
